{"/Users/alexey/projects/puzzle-arbitrage-bot/src/config.ts": {"path":"/Users/alexey/projects/puzzle-arbitrage-bot/src/config.ts","statementMap":{"0":{"start":{"line":1,"column":0},"end":{"line":1,"column":24}},"1":{"start":{"line":3,"column":0},"end":{"line":3,"column":32}},"2":{"start":{"line":4,"column":0},"end":{"line":4,"column":42}},"3":{"start":{"line":6,"column":0},"end":{"line":6,"column":50}},"4":{"start":{"line":8,"column":13},"end":{"line":8,"column":42}},"5":{"start":{"line":10,"column":13},"end":{"line":10,"column":38}},"6":{"start":{"line":11,"column":13},"end":{"line":11,"column":42}},"7":{"start":{"line":12,"column":13},"end":{"line":12,"column":46}},"8":{"start":{"line":13,"column":13},"end":{"line":13,"column":36}},"9":{"start":{"line":14,"column":13},"end":{"line":14,"column":52}}},"fnMap":{},"branchMap":{},"s":{"0":1,"1":1,"2":1,"3":1,"4":1,"5":1,"6":1,"7":1,"8":1,"9":1},"f":{},"b":{}}
,"/Users/alexey/projects/puzzle-arbitrage-bot/src/constants.ts": {"path":"/Users/alexey/projects/puzzle-arbitrage-bot/src/constants.ts","statementMap":{"0":{"start":{"line":1,"column":13},"end":{"line":1,"column":66}},"1":{"start":{"line":2,"column":13},"end":{"line":2,"column":64}},"2":{"start":{"line":3,"column":13},"end":{"line":3,"column":76}}},"fnMap":{},"branchMap":{},"s":{"0":1,"1":1,"2":1},"f":{},"b":{}}
,"/Users/alexey/projects/puzzle-arbitrage-bot/src/services/aggregatorService.ts": {"path":"/Users/alexey/projects/puzzle-arbitrage-bot/src/services/aggregatorService.ts","statementMap":{"0":{"start":{"line":1,"column":0},"end":{"line":1,"column":41}},"1":{"start":{"line":2,"column":0},"end":{"line":2,"column":26}},"2":{"start":{"line":3,"column":0},"end":{"line":3,"column":57}},"3":{"start":{"line":4,"column":0},"end":{"line":4,"column":52}},"4":{"start":{"line":5,"column":0},"end":{"line":5,"column":47}},"5":{"start":{"line":39,"column":26},"end":{"line":93,"column":2}},"6":{"start":{"line":40,"column":62},"end":{"line":49,"column":null}},"7":{"start":{"line":41,"column":41},"end":{"line":41,"column":47}},"8":{"start":{"line":42,"column":16},"end":{"line":42,"column":122}},"9":{"start":{"line":43,"column":20},"end":{"line":46,"column":6}},"10":{"start":{"line":47,"column":21},"end":{"line":47,"column":54}},"11":{"start":{"line":48,"column":4},"end":{"line":48,"column":16}},"12":{"start":{"line":51,"column":76},"end":{"line":65,"column":null}},"13":{"start":{"line":52,"column":36},"end":{"line":54,"column":37}},"14":{"start":{"line":54,"column":20},"end":{"line":54,"column":35}},"15":{"start":{"line":56,"column":17},"end":{"line":60,"column":6}},"16":{"start":{"line":61,"column":4},"end":{"line":64,"column":24}},"17":{"start":{"line":68,"column":4},"end":{"line":68,"column":62}},"18":{"start":{"line":70,"column":52},"end":{"line":92,"column":null}},"19":{"start":{"line":71,"column":16},"end":{"line":71,"column":52}},"20":{"start":{"line":72,"column":4},"end":{"line":91,"column":7}},"21":{"start":{"line":95,"column":0},"end":{"line":95,"column":33}}},"fnMap":{"0":{"name":"(anonymous_8)","decl":{"start":{"line":40,"column":8},"end":{"line":40,"column":15}},"loc":{"start":{"line":40,"column":62},"end":{"line":49,"column":null}}},"1":{"name":"(anonymous_9)","decl":{"start":{"line":40,"column":62},"end":{"line":40,"column":null}},"loc":{"start":{"line":40,"column":62},"end":{"line":49,"column":3}}},"2":{"name":"(anonymous_10)","decl":{"start":{"line":51,"column":27},"end":{"line":51,"column":34}},"loc":{"start":{"line":51,"column":76},"end":{"line":65,"column":null}}},"3":{"name":"(anonymous_11)","decl":{"start":{"line":51,"column":76},"end":{"line":51,"column":null}},"loc":{"start":{"line":51,"column":76},"end":{"line":65,"column":3}}},"4":{"name":"(anonymous_12)","decl":{"start":{"line":54,"column":13},"end":{"line":54,"column":16}},"loc":{"start":{"line":54,"column":20},"end":{"line":54,"column":35}}},"5":{"name":"(anonymous_13)","decl":{"start":{"line":67,"column":24},"end":{"line":67,"column":25}},"loc":{"start":{"line":68,"column":4},"end":{"line":68,"column":62}}},"6":{"name":"(anonymous_14)","decl":{"start":{"line":70,"column":8},"end":{"line":70,"column":15}},"loc":{"start":{"line":70,"column":52},"end":{"line":92,"column":null}}},"7":{"name":"(anonymous_15)","decl":{"start":{"line":70,"column":52},"end":{"line":70,"column":null}},"loc":{"start":{"line":70,"column":52},"end":{"line":92,"column":3}}}},"branchMap":{},"s":{"0":1,"1":1,"2":1,"3":1,"4":1,"5":1,"6":1,"7":1,"8":1,"9":1,"10":1,"11":1,"12":0,"13":0,"14":0,"15":0,"16":0,"17":1,"18":0,"19":0,"20":0,"21":1},"f":{"0":1,"1":1,"2":0,"3":0,"4":0,"5":1,"6":0,"7":0},"b":{}}
,"/Users/alexey/projects/puzzle-arbitrage-bot/src/services/blockchainService.ts": {"path":"/Users/alexey/projects/puzzle-arbitrage-bot/src/services/blockchainService.ts","statementMap":{"0":{"start":{"line":1,"column":0},"end":{"line":1,"column":79}},"1":{"start":{"line":3,"column":0},"end":{"line":3,"column":69}},"2":{"start":{"line":22,"column":9},"end":{"line":39,"column":4}},"3":{"start":{"line":24,"column":66},"end":{"line":39,"column":4}},"4":{"start":{"line":25,"column":15},"end":{"line":34,"column":null}},"5":{"start":{"line":36,"column":4},"end":{"line":36,"column":34}},"6":{"start":{"line":37,"column":4},"end":{"line":37,"column":50}},"7":{"start":{"line":38,"column":4},"end":{"line":38,"column":14}},"8":{"start":{"line":40,"column":2},"end":{"line":44,"column":4}},"9":{"start":{"line":40,"column":46},"end":{"line":44,"column":4}},"10":{"start":{"line":41,"column":16},"end":{"line":41,"column":47}},"11":{"start":{"line":42,"column":21},"end":{"line":42,"column":47}},"12":{"start":{"line":43,"column":4},"end":{"line":43,"column":24}},"13":{"start":{"line":45,"column":2},"end":{"line":49,"column":4}},"14":{"start":{"line":45,"column":63},"end":{"line":49,"column":4}},"15":{"start":{"line":46,"column":16},"end":{"line":46,"column":55}},"16":{"start":{"line":47,"column":21},"end":{"line":47,"column":47}},"17":{"start":{"line":48,"column":4},"end":{"line":48,"column":24}},"18":{"start":{"line":50,"column":2},"end":{"line":54,"column":4}},"19":{"start":{"line":50,"column":77},"end":{"line":54,"column":4}},"20":{"start":{"line":51,"column":16},"end":{"line":51,"column":44}},"21":{"start":{"line":52,"column":21},"end":{"line":52,"column":47}},"22":{"start":{"line":53,"column":4},"end":{"line":53,"column":16}},"23":{"start":{"line":57,"column":0},"end":{"line":57,"column":39}}},"fnMap":{"0":{"name":"(anonymous_13)","decl":{"start":{"line":21,"column":0},"end":{"line":21,"column":6}},"loc":{"start":{"line":21,"column":0},"end":{"line":55,"column":1}}},"1":{"name":"(anonymous_14)","decl":{"start":{"line":22,"column":18},"end":{"line":22,"column":null}},"loc":{"start":{"line":24,"column":66},"end":{"line":39,"column":4}}},"2":{"name":"(anonymous_15)","decl":{"start":{"line":24,"column":66},"end":{"line":24,"column":null}},"loc":{"start":{"line":24,"column":66},"end":{"line":39,"column":3}}},"3":{"name":"(anonymous_16)","decl":{"start":{"line":40,"column":20},"end":{"line":40,"column":27}},"loc":{"start":{"line":40,"column":46},"end":{"line":44,"column":4}}},"4":{"name":"(anonymous_17)","decl":{"start":{"line":40,"column":46},"end":{"line":40,"column":null}},"loc":{"start":{"line":40,"column":46},"end":{"line":44,"column":3}}},"5":{"name":"(anonymous_18)","decl":{"start":{"line":45,"column":20},"end":{"line":45,"column":27}},"loc":{"start":{"line":45,"column":63},"end":{"line":49,"column":4}}},"6":{"name":"(anonymous_19)","decl":{"start":{"line":45,"column":63},"end":{"line":45,"column":null}},"loc":{"start":{"line":45,"column":63},"end":{"line":49,"column":3}}},"7":{"name":"(anonymous_20)","decl":{"start":{"line":50,"column":20},"end":{"line":50,"column":27}},"loc":{"start":{"line":50,"column":77},"end":{"line":54,"column":4}}},"8":{"name":"(anonymous_21)","decl":{"start":{"line":50,"column":77},"end":{"line":50,"column":null}},"loc":{"start":{"line":50,"column":77},"end":{"line":54,"column":3}}}},"branchMap":{"0":{"loc":{"start":{"line":29,"column":53},"end":{"line":29,"column":70}},"type":"cond-expr","locations":[{"start":{"line":29,"column":64},"end":{"line":29,"column":68}},{"start":{"line":29,"column":68},"end":{"line":29,"column":70}}]},"1":{"loc":{"start":{"line":29,"column":53},"end":{"line":29,"column":68}},"type":"binary-expr","locations":[{"start":{"line":29,"column":53},"end":{"line":29,"column":68}},{"start":{"line":29,"column":64},"end":{"line":29,"column":68}}]}},"s":{"0":1,"1":1,"2":1,"3":1,"4":1,"5":1,"6":1,"7":1,"8":1,"9":0,"10":0,"11":0,"12":0,"13":1,"14":1,"15":1,"16":1,"17":1,"18":1,"19":0,"20":0,"21":0,"22":0,"23":1},"f":{"0":1,"1":1,"2":1,"3":0,"4":0,"5":1,"6":1,"7":0,"8":0},"b":{"0":[1,0],"1":[1,1]}}
,"/Users/alexey/projects/puzzle-arbitrage-bot/src/services/dappService.ts": {"path":"/Users/alexey/projects/puzzle-arbitrage-bot/src/services/dappService.ts","statementMap":{"0":{"start":{"line":1,"column":0},"end":{"line":1,"column":null}},"1":{"start":{"line":5,"column":0},"end":{"line":5,"column":29}},"2":{"start":{"line":6,"column":0},"end":{"line":6,"column":55}},"3":{"start":{"line":7,"column":0},"end":{"line":7,"column":44}},"4":{"start":{"line":22,"column":34},"end":{"line":28,"column":2}},"5":{"start":{"line":22,"column":45},"end":{"line":28,"column":2}},"6":{"start":{"line":23,"column":14},"end":{"line":23,"column":73}},"7":{"start":{"line":24,"column":17},"end":{"line":24,"column":43}},"8":{"start":{"line":25,"column":2},"end":{"line":27,"column":41}},"9":{"start":{"line":26,"column":27},"end":{"line":26,"column":45}},"10":{"start":{"line":27,"column":22},"end":{"line":27,"column":39}},"11":{"start":{"line":22,"column":13},"end":{"line":22,"column":34}},"12":{"start":{"line":30,"column":28},"end":{"line":44,"column":2}},"13":{"start":{"line":30,"column":66},"end":{"line":44,"column":2}},"14":{"start":{"line":31,"column":14},"end":{"line":31,"column":72}},"15":{"start":{"line":32,"column":17},"end":{"line":32,"column":43}},"16":{"start":{"line":33,"column":2},"end":{"line":43,"column":4}},"17":{"start":{"line":30,"column":13},"end":{"line":30,"column":28}}},"fnMap":{"0":{"name":"(anonymous_8)","decl":{"start":{"line":22,"column":34},"end":{"line":22,"column":43}},"loc":{"start":{"line":22,"column":45},"end":{"line":28,"column":2}}},"1":{"name":"(anonymous_9)","decl":{"start":{"line":22,"column":45},"end":{"line":22,"column":null}},"loc":{"start":{"line":22,"column":45},"end":{"line":28,"column":1}}},"2":{"name":"(anonymous_10)","decl":{"start":{"line":26,"column":12},"end":{"line":26,"column":13}},"loc":{"start":{"line":26,"column":27},"end":{"line":26,"column":45}}},"3":{"name":"(anonymous_11)","decl":{"start":{"line":27,"column":9},"end":{"line":27,"column":10}},"loc":{"start":{"line":27,"column":22},"end":{"line":27,"column":39}}},"4":{"name":"(anonymous_12)","decl":{"start":{"line":30,"column":28},"end":{"line":30,"column":35}},"loc":{"start":{"line":30,"column":66},"end":{"line":44,"column":2}}},"5":{"name":"(anonymous_13)","decl":{"start":{"line":30,"column":66},"end":{"line":30,"column":null}},"loc":{"start":{"line":30,"column":66},"end":{"line":44,"column":1}}}},"branchMap":{"0":{"loc":{"start":{"line":35,"column":20},"end":{"line":35,"column":67}},"type":"cond-expr","locations":[{"start":{"line":35,"column":62},"end":{"line":35,"column":66}},{"start":{"line":35,"column":66},"end":{"line":35,"column":67}}]},"1":{"loc":{"start":{"line":35,"column":20},"end":{"line":35,"column":66}},"type":"binary-expr","locations":[{"start":{"line":35,"column":20},"end":{"line":35,"column":66}},{"start":{"line":35,"column":62},"end":{"line":35,"column":66}}]},"2":{"loc":{"start":{"line":36,"column":12},"end":{"line":36,"column":59}},"type":"cond-expr","locations":[{"start":{"line":36,"column":53},"end":{"line":36,"column":57}},{"start":{"line":36,"column":57},"end":{"line":36,"column":59}}]},"3":{"loc":{"start":{"line":36,"column":12},"end":{"line":36,"column":57}},"type":"binary-expr","locations":[{"start":{"line":36,"column":12},"end":{"line":36,"column":57}},{"start":{"line":36,"column":53},"end":{"line":36,"column":57}}]},"4":{"loc":{"start":{"line":37,"column":20},"end":{"line":37,"column":67}},"type":"cond-expr","locations":[{"start":{"line":37,"column":62},"end":{"line":37,"column":66}},{"start":{"line":37,"column":66},"end":{"line":37,"column":67}}]},"5":{"loc":{"start":{"line":37,"column":20},"end":{"line":37,"column":66}},"type":"binary-expr","locations":[{"start":{"line":37,"column":20},"end":{"line":37,"column":66}},{"start":{"line":37,"column":62},"end":{"line":37,"column":66}}]},"6":{"loc":{"start":{"line":38,"column":12},"end":{"line":38,"column":59}},"type":"cond-expr","locations":[{"start":{"line":38,"column":53},"end":{"line":38,"column":57}},{"start":{"line":38,"column":57},"end":{"line":38,"column":59}}]},"7":{"loc":{"start":{"line":38,"column":12},"end":{"line":38,"column":57}},"type":"binary-expr","locations":[{"start":{"line":38,"column":12},"end":{"line":38,"column":57}},{"start":{"line":38,"column":53},"end":{"line":38,"column":57}}]},"8":{"loc":{"start":{"line":39,"column":23},"end":{"line":39,"column":73}},"type":"cond-expr","locations":[{"start":{"line":39,"column":68},"end":{"line":39,"column":72}},{"start":{"line":39,"column":72},"end":{"line":39,"column":73}}]},"9":{"loc":{"start":{"line":39,"column":23},"end":{"line":39,"column":72}},"type":"binary-expr","locations":[{"start":{"line":39,"column":23},"end":{"line":39,"column":72}},{"start":{"line":39,"column":68},"end":{"line":39,"column":72}}]},"10":{"loc":{"start":{"line":40,"column":23},"end":{"line":40,"column":73}},"type":"cond-expr","locations":[{"start":{"line":40,"column":68},"end":{"line":40,"column":72}},{"start":{"line":40,"column":72},"end":{"line":40,"column":73}}]},"11":{"loc":{"start":{"line":40,"column":23},"end":{"line":40,"column":72}},"type":"binary-expr","locations":[{"start":{"line":40,"column":23},"end":{"line":40,"column":72}},{"start":{"line":40,"column":68},"end":{"line":40,"column":72}}]},"12":{"loc":{"start":{"line":41,"column":13},"end":{"line":42,"column":14}},"type":"cond-expr","locations":[{"start":{"line":41,"column":54},"end":{"line":41,"column":null}},{"start":{"line":42,"column":6},"end":{"line":42,"column":14}}]},"13":{"loc":{"start":{"line":41,"column":13},"end":{"line":41,"column":null}},"type":"binary-expr","locations":[{"start":{"line":41,"column":13},"end":{"line":41,"column":null}},{"start":{"line":41,"column":54},"end":{"line":41,"column":null}}]}},"s":{"0":1,"1":1,"2":1,"3":1,"4":1,"5":0,"6":0,"7":0,"8":0,"9":0,"10":0,"11":1,"12":1,"13":1,"14":1,"15":1,"16":1,"17":1},"f":{"0":0,"1":0,"2":0,"3":0,"4":1,"5":1},"b":{"0":[1,0],"1":[1,1],"2":[1,0],"3":[1,1],"4":[1,0],"5":[1,1],"6":[1,0],"7":[1,1],"8":[1,0],"9":[1,1],"10":[1,0],"11":[1,1],"12":[1,0],"13":[1,1]}}
,"/Users/alexey/projects/puzzle-arbitrage-bot/src/utils/BN.ts": {"path":"/Users/alexey/projects/puzzle-arbitrage-bot/src/utils/BN.ts","statementMap":{"0":{"start":{"line":2,"column":0},"end":{"line":2,"column":37}},"1":{"start":{"line":5,"column":0},"end":{"line":5,"column":50}},"2":{"start":{"line":9,"column":21},"end":{"line":19,"column":1}},"3":{"start":{"line":10,"column":2},"end":{"line":16,"column":null}},"4":{"start":{"line":11,"column":22},"end":{"line":11,"column":34}},"5":{"start":{"line":13,"column":4},"end":{"line":15,"column":null}},"6":{"start":{"line":14,"column":6},"end":{"line":14,"column":23}},"7":{"start":{"line":18,"column":2},"end":{"line":18,"column":11}},"8":{"start":{"line":23,"column":4},"end":{"line":23,"column":33}},"9":{"start":{"line":34,"column":2},"end":{"line":34,"column":23}},"10":{"start":{"line":40,"column":2},"end":{"line":40,"column":29}},"11":{"start":{"line":50,"column":2},"end":{"line":50,"column":20}},"12":{"start":{"line":56,"column":2},"end":{"line":56,"column":28}},"13":{"start":{"line":70,"column":2},"end":{"line":70,"column":25}},"14":{"start":{"line":27,"column":4},"end":{"line":27,"column":31}},"15":{"start":{"line":31,"column":4},"end":{"line":31,"column":52}},"16":{"start":{"line":37,"column":4},"end":{"line":37,"column":63}},"17":{"start":{"line":43,"column":4},"end":{"line":43,"column":54}},"18":{"start":{"line":47,"column":4},"end":{"line":47,"column":52}},"19":{"start":{"line":53,"column":4},"end":{"line":53,"column":54}},"20":{"start":{"line":59,"column":4},"end":{"line":59,"column":35}},"21":{"start":{"line":63,"column":4},"end":{"line":63,"column":53}},"22":{"start":{"line":67,"column":4},"end":{"line":67,"column":32}},"23":{"start":{"line":76,"column":4},"end":{"line":76,"column":57}},"24":{"start":{"line":83,"column":4},"end":{"line":85,"column":65}},"25":{"start":{"line":89,"column":4},"end":{"line":89,"column":42}},"26":{"start":{"line":93,"column":4},"end":{"line":93,"column":44}},"27":{"start":{"line":97,"column":4},"end":{"line":97,"column":53}},"28":{"start":{"line":101,"column":4},"end":{"line":101,"column":53}},"29":{"start":{"line":105,"column":4},"end":{"line":105,"column":36}},"30":{"start":{"line":105,"column":25},"end":{"line":105,"column":34}},"31":{"start":{"line":109,"column":4},"end":{"line":109,"column":63}},"32":{"start":{"line":113,"column":4},"end":{"line":113,"column":55}},"33":{"start":{"line":117,"column":4},"end":{"line":117,"column":68}},"34":{"start":{"line":121,"column":4},"end":{"line":121,"column":49}},"35":{"start":{"line":124,"column":9},"end":{"line":124,"column":26}},"36":{"start":{"line":125,"column":9},"end":{"line":126,"column":73}},"37":{"start":{"line":131,"column":0},"end":{"line":131,"column":18}}},"fnMap":{"0":{"name":"(anonymous_1)","decl":{"start":{"line":9,"column":21},"end":{"line":9,"column":22}},"loc":{"start":{"line":9,"column":49},"end":{"line":19,"column":1}}},"1":{"name":"(anonymous_2)","decl":{"start":{"line":22,"column":2},"end":{"line":22,"column":14}},"loc":{"start":{"line":22,"column":38},"end":{"line":24,"column":3}}},"2":{"name":"(anonymous_3)","decl":{"start":{"line":26,"column":2},"end":{"line":26,"column":5}},"loc":{"start":{"line":26,"column":5},"end":{"line":28,"column":3}}},"3":{"name":"(anonymous_4)","decl":{"start":{"line":30,"column":2},"end":{"line":30,"column":5}},"loc":{"start":{"line":30,"column":43},"end":{"line":32,"column":3}}},"4":{"name":"(anonymous_5)","decl":{"start":{"line":36,"column":2},"end":{"line":36,"column":5}},"loc":{"start":{"line":36,"column":40},"end":{"line":38,"column":3}}},"5":{"name":"(anonymous_6)","decl":{"start":{"line":42,"column":2},"end":{"line":42,"column":7}},"loc":{"start":{"line":42,"column":45},"end":{"line":44,"column":3}}},"6":{"name":"(anonymous_7)","decl":{"start":{"line":46,"column":2},"end":{"line":46,"column":5}},"loc":{"start":{"line":46,"column":43},"end":{"line":48,"column":3}}},"7":{"name":"(anonymous_8)","decl":{"start":{"line":52,"column":2},"end":{"line":52,"column":7}},"loc":{"start":{"line":52,"column":45},"end":{"line":54,"column":3}}},"8":{"name":"(anonymous_9)","decl":{"start":{"line":58,"column":2},"end":{"line":58,"column":9}},"loc":{"start":{"line":58,"column":9},"end":{"line":60,"column":3}}},"9":{"name":"(anonymous_10)","decl":{"start":{"line":62,"column":2},"end":{"line":62,"column":6}},"loc":{"start":{"line":62,"column":44},"end":{"line":64,"column":3}}},"10":{"name":"(anonymous_11)","decl":{"start":{"line":66,"column":2},"end":{"line":66,"column":6}},"loc":{"start":{"line":66,"column":6},"end":{"line":68,"column":3}}},"11":{"name":"(anonymous_12)","decl":{"start":{"line":72,"column":2},"end":{"line":72,"column":17}},"loc":{"start":{"line":74,"column":63},"end":{"line":77,"column":3}}},"12":{"name":"(anonymous_13)","decl":{"start":{"line":79,"column":2},"end":{"line":79,"column":15}},"loc":{"start":{"line":81,"column":63},"end":{"line":86,"column":3}}},"13":{"name":"(anonymous_14)","decl":{"start":{"line":88,"column":2},"end":{"line":88,"column":7}},"loc":{"start":{"line":88,"column":32},"end":{"line":90,"column":3}}},"14":{"name":"(anonymous_15)","decl":{"start":{"line":92,"column":2},"end":{"line":92,"column":8}},"loc":{"start":{"line":92,"column":55},"end":{"line":94,"column":3}}},"15":{"name":"(anonymous_16)","decl":{"start":{"line":96,"column":2},"end":{"line":96,"column":8}},"loc":{"start":{"line":96,"column":27},"end":{"line":98,"column":3}}},"16":{"name":"(anonymous_17)","decl":{"start":{"line":100,"column":2},"end":{"line":100,"column":8}},"loc":{"start":{"line":100,"column":27},"end":{"line":102,"column":3}}},"17":{"name":"(anonymous_18)","decl":{"start":{"line":104,"column":2},"end":{"line":104,"column":8}},"loc":{"start":{"line":104,"column":59},"end":{"line":106,"column":3}}},"18":{"name":"(anonymous_19)","decl":{"start":{"line":105,"column":18},"end":{"line":105,"column":19}},"loc":{"start":{"line":105,"column":25},"end":{"line":105,"column":34}}},"19":{"name":"(anonymous_20)","decl":{"start":{"line":108,"column":2},"end":{"line":108,"column":8}},"loc":{"start":{"line":108,"column":47},"end":{"line":110,"column":3}}},"20":{"name":"(anonymous_21)","decl":{"start":{"line":112,"column":2},"end":{"line":112,"column":8}},"loc":{"start":{"line":112,"column":48},"end":{"line":114,"column":3}}},"21":{"name":"(anonymous_22)","decl":{"start":{"line":116,"column":2},"end":{"line":116,"column":8}},"loc":{"start":{"line":116,"column":49},"end":{"line":118,"column":3}}},"22":{"name":"(anonymous_23)","decl":{"start":{"line":120,"column":2},"end":{"line":120,"column":8}},"loc":{"start":{"line":120,"column":47},"end":{"line":122,"column":3}}}},"branchMap":{"0":{"loc":{"start":{"line":10,"column":2},"end":{"line":16,"column":null}},"type":"if","locations":[{"start":{"line":10,"column":2},"end":{"line":16,"column":null}}]},"1":{"loc":{"start":{"line":10,"column":6},"end":{"line":10,"column":21}},"type":"binary-expr","locations":[{"start":{"line":10,"column":6},"end":{"line":10,"column":7}},{"start":{"line":10,"column":11},"end":{"line":10,"column":21}}]},"2":{"loc":{"start":{"line":13,"column":4},"end":{"line":15,"column":null}},"type":"if","locations":[{"start":{"line":13,"column":4},"end":{"line":15,"column":null}}]},"3":{"loc":{"start":{"line":74,"column":4},"end":{"line":74,"column":63}},"type":"default-arg","locations":[{"start":{"line":74,"column":43},"end":{"line":74,"column":63}}]},"4":{"loc":{"start":{"line":81,"column":4},"end":{"line":81,"column":63}},"type":"default-arg","locations":[{"start":{"line":81,"column":43},"end":{"line":81,"column":63}}]},"5":{"loc":{"start":{"line":83,"column":11},"end":{"line":85,"column":64}},"type":"cond-expr","locations":[{"start":{"line":84,"column":8},"end":{"line":84,"column":47}},{"start":{"line":85,"column":8},"end":{"line":85,"column":64}}]},"6":{"loc":{"start":{"line":108,"column":35},"end":{"line":108,"column":47}},"type":"default-arg","locations":[{"start":{"line":108,"column":46},"end":{"line":108,"column":47}}]},"7":{"loc":{"start":{"line":112,"column":36},"end":{"line":112,"column":48}},"type":"default-arg","locations":[{"start":{"line":112,"column":47},"end":{"line":112,"column":48}}]}},"s":{"0":1,"1":1,"2":1,"3":12,"4":11,"5":11,"6":11,"7":1,"8":10,"9":10,"10":10,"11":10,"12":10,"13":10,"14":0,"15":1,"16":0,"17":0,"18":0,"19":1,"20":0,"21":0,"22":0,"23":1,"24":1,"25":0,"26":0,"27":0,"28":0,"29":0,"30":0,"31":0,"32":0,"33":0,"34":0,"35":1,"36":1,"37":1},"f":{"0":12,"1":10,"2":0,"3":1,"4":0,"5":0,"6":0,"7":1,"8":0,"9":0,"10":0,"11":1,"12":1,"13":0,"14":0,"15":0,"16":0,"17":0,"18":0,"19":0,"20":0,"21":0,"22":0},"b":{"0":[11],"1":[12,11],"2":[11],"3":[1],"4":[1],"5":[1,0],"6":[0],"7":[0]}}
,"/Users/alexey/projects/puzzle-arbitrage-bot/src/utils/getStateByKey.ts": {"path":"/Users/alexey/projects/puzzle-arbitrage-bot/src/utils/getStateByKey.ts","statementMap":{"0":{"start":{"line":3,"column":29},"end":{"line":4,"column":51}},"1":{"start":{"line":4,"column":2},"end":{"line":4,"column":51}},"2":{"start":{"line":4,"column":25},"end":{"line":4,"column":42}},"3":{"start":{"line":3,"column":13},"end":{"line":3,"column":29}}},"fnMap":{"0":{"name":"(anonymous_0)","decl":{"start":{"line":3,"column":29},"end":{"line":3,"column":30}},"loc":{"start":{"line":3,"column":67},"end":{"line":4,"column":51}}},"1":{"name":"(anonymous_1)","decl":{"start":{"line":4,"column":14},"end":{"line":4,"column":15}},"loc":{"start":{"line":4,"column":25},"end":{"line":4,"column":42}}}},"branchMap":{"0":{"loc":{"start":{"line":4,"column":2},"end":{"line":4,"column":50}},"type":"cond-expr","locations":[{"start":{"line":4,"column":43},"end":{"line":4,"column":45}},{"start":{"line":4,"column":43},"end":{"line":4,"column":50}}]},"1":{"loc":{"start":{"line":4,"column":2},"end":{"line":4,"column":45}},"type":"binary-expr","locations":[{"start":{"line":4,"column":2},"end":{"line":4,"column":45}},{"start":{"line":4,"column":43},"end":{"line":4,"column":45}}]}},"s":{"0":1,"1":7,"2":33,"3":1},"f":{"0":7,"1":33},"b":{"0":[0,7],"1":[7,7]}}
,"/Users/alexey/projects/puzzle-arbitrage-bot/src/utils/loadVar.ts": {"path":"/Users/alexey/projects/puzzle-arbitrage-bot/src/utils/loadVar.ts","statementMap":{"0":{"start":{"line":7,"column":17},"end":{"line":7,"column":34}},"1":{"start":{"line":8,"column":2},"end":{"line":10,"column":null}},"2":{"start":{"line":9,"column":4},"end":{"line":9,"column":43}},"3":{"start":{"line":11,"column":2},"end":{"line":11,"column":16}},"4":{"start":{"line":6,"column":0},"end":{"line":6,"column":16}}},"fnMap":{"0":{"name":"loadVar","decl":{"start":{"line":6,"column":16},"end":{"line":6,"column":23}},"loc":{"start":{"line":6,"column":56},"end":{"line":12,"column":1}}}},"branchMap":{"0":{"loc":{"start":{"line":8,"column":2},"end":{"line":10,"column":null}},"type":"if","locations":[{"start":{"line":8,"column":2},"end":{"line":10,"column":null}}]},"1":{"loc":{"start":{"line":8,"column":6},"end":{"line":8,"column":33}},"type":"binary-expr","locations":[{"start":{"line":8,"column":6},"end":{"line":8,"column":20}},{"start":{"line":8,"column":24},"end":{"line":8,"column":33}}]}},"s":{"0":6,"1":6,"2":0,"3":6,"4":1},"f":{"0":6},"b":{"0":[0],"1":[6,1]}}
,"/Users/alexey/projects/puzzle-arbitrage-bot/src/utils/makeNodeRequest.ts": {"path":"/Users/alexey/projects/puzzle-arbitrage-bot/src/utils/makeNodeRequest.ts","statementMap":{"0":{"start":{"line":1,"column":0},"end":{"line":1,"column":26}},"1":{"start":{"line":3,"column":21},"end":{"line":3,"column":61}},"2":{"start":{"line":5,"column":21},"end":{"line":10,"column":2}},"3":{"start":{"line":12,"column":13},"end":{"line":12,"column":40}},"4":{"start":{"line":25,"column":24},"end":{"line":54,"column":2}},"5":{"start":{"line":28,"column":18},"end":{"line":54,"column":2}},"6":{"start":{"line":30,"column":4},"end":{"line":32,"column":20}},"7":{"start":{"line":33,"column":2},"end":{"line":53,"column":5}},"8":{"start":{"line":33,"column":47},"end":{"line":53,"column":4}},"9":{"start":{"line":34,"column":20},"end":{"line":34,"column":21}},"10":{"start":{"line":35,"column":18},"end":{"line":35,"column":23}},"11":{"start":{"line":36,"column":4},"end":{"line":52,"column":null}},"12":{"start":{"line":37,"column":18},"end":{"line":37,"column":44}},"13":{"start":{"line":38,"column":6},"end":{"line":51,"column":null}},"14":{"start":{"line":39,"column":25},"end":{"line":41,"column":45}},"15":{"start":{"line":42,"column":8},"end":{"line":42,"column":23}},"16":{"start":{"line":43,"column":8},"end":{"line":43,"column":26}},"17":{"start":{"line":45,"column":8},"end":{"line":50,"column":null}},"18":{"start":{"line":46,"column":10},"end":{"line":46,"column":25}},"19":{"start":{"line":47,"column":10},"end":{"line":47,"column":25}},"20":{"start":{"line":49,"column":10},"end":{"line":49,"column":36}},"21":{"start":{"line":56,"column":0},"end":{"line":56,"column":31}}},"fnMap":{"0":{"name":"(anonymous_8)","decl":{"start":{"line":25,"column":24},"end":{"line":25,"column":null}},"loc":{"start":{"line":28,"column":18},"end":{"line":54,"column":2}}},"1":{"name":"(anonymous_9)","decl":{"start":{"line":28,"column":18},"end":{"line":28,"column":null}},"loc":{"start":{"line":28,"column":18},"end":{"line":54,"column":1}}},"2":{"name":"(anonymous_10)","decl":{"start":{"line":33,"column":21},"end":{"line":33,"column":28}},"loc":{"start":{"line":33,"column":47},"end":{"line":53,"column":4}}},"3":{"name":"(anonymous_11)","decl":{"start":{"line":33,"column":47},"end":{"line":33,"column":null}},"loc":{"start":{"line":33,"column":47},"end":{"line":53,"column":3}}}},"branchMap":{"0":{"loc":{"start":{"line":30,"column":4},"end":{"line":32,"column":20}},"type":"cond-expr","locations":[{"start":{"line":31,"column":8},"end":{"line":31,"column":20}},{"start":{"line":32,"column":8},"end":{"line":32,"column":20}}]},"1":{"loc":{"start":{"line":30,"column":4},"end":{"line":30,"column":53}},"type":"binary-expr","locations":[{"start":{"line":30,"column":4},"end":{"line":30,"column":27}},{"start":{"line":30,"column":31},"end":{"line":30,"column":53}}]},"2":{"loc":{"start":{"line":30,"column":4},"end":{"line":30,"column":19}},"type":"cond-expr","locations":[{"start":{"line":30,"column":10},"end":{"line":30,"column":12}},{"start":{"line":30,"column":4},"end":{"line":30,"column":19}}]},"3":{"loc":{"start":{"line":30,"column":4},"end":{"line":30,"column":12}},"type":"binary-expr","locations":[{"start":{"line":30,"column":4},"end":{"line":30,"column":12}},{"start":{"line":30,"column":4},"end":{"line":30,"column":12}}]},"4":{"loc":{"start":{"line":39,"column":32},"end":{"line":41,"column":44}},"type":"cond-expr","locations":[{"start":{"line":40,"column":12},"end":{"line":40,"column":26}},{"start":{"line":41,"column":12},"end":{"line":41,"column":44}}]},"5":{"loc":{"start":{"line":39,"column":32},"end":{"line":39,"column":48}},"type":"cond-expr","locations":[{"start":{"line":39,"column":38},"end":{"line":39,"column":40}},{"start":{"line":39,"column":32},"end":{"line":39,"column":48}}]},"6":{"loc":{"start":{"line":39,"column":32},"end":{"line":39,"column":40}},"type":"binary-expr","locations":[{"start":{"line":39,"column":32},"end":{"line":39,"column":40}},{"start":{"line":39,"column":32},"end":{"line":39,"column":40}}]},"7":{"loc":{"start":{"line":45,"column":8},"end":{"line":50,"column":null}},"type":"if","locations":[{"start":{"line":45,"column":8},"end":{"line":50,"column":null}},{"start":{"line":48,"column":15},"end":{"line":50,"column":null}}]}},"s":{"0":1,"1":1,"2":1,"3":1,"4":1,"5":2,"6":2,"7":2,"8":2,"9":2,"10":2,"11":2,"12":2,"13":2,"14":2,"15":2,"16":2,"17":0,"18":0,"19":0,"20":0,"21":1},"f":{"0":2,"1":2,"2":2,"3":2},"b":{"0":[2,0],"1":[2,0],"2":[2,0],"3":[2,2],"4":[2,0],"5":[2,0],"6":[2,2],"7":[0,0]}}
,"/Users/alexey/projects/puzzle-arbitrage-bot/src/utils/utils.ts": {"path":"/Users/alexey/projects/puzzle-arbitrage-bot/src/utils/utils.ts","statementMap":{"0":{"start":{"line":3,"column":21},"end":{"line":4,"column":51}},"1":{"start":{"line":4,"column":2},"end":{"line":4,"column":51}},"2":{"start":{"line":4,"column":27},"end":{"line":4,"column":50}},"3":{"start":{"line":3,"column":13},"end":{"line":3,"column":21}},"4":{"start":{"line":6,"column":34},"end":{"line":13,"column":2}},"5":{"start":{"line":10,"column":28},"end":{"line":13,"column":2}},"6":{"start":{"line":6,"column":13},"end":{"line":6,"column":34}}},"fnMap":{"0":{"name":"(anonymous_0)","decl":{"start":{"line":3,"column":21},"end":{"line":3,"column":22}},"loc":{"start":{"line":4,"column":2},"end":{"line":4,"column":51}}},"1":{"name":"(anonymous_1)","decl":{"start":{"line":4,"column":14},"end":{"line":4,"column":15}},"loc":{"start":{"line":4,"column":27},"end":{"line":4,"column":50}}},"2":{"name":"(anonymous_2)","decl":{"start":{"line":6,"column":34},"end":{"line":6,"column":null}},"loc":{"start":{"line":10,"column":28},"end":{"line":13,"column":2}}}},"branchMap":{},"s":{"0":1,"1":0,"2":0,"3":1,"4":1,"5":0,"6":1},"f":{"0":0,"1":0,"2":0},"b":{}}
}
