TN:
SF:src/config.ts
FNF:0
FNH:0
DA:1,1
DA:3,1
DA:4,1
DA:6,1
DA:8,1
DA:10,1
DA:11,1
DA:12,1
DA:13,1
DA:14,1
LF:10
LH:10
BRF:0
BRH:0
end_of_record
TN:
SF:src/constants.ts
FNF:0
FNH:0
DA:1,1
DA:2,1
DA:3,1
LF:3
LH:3
BRF:0
BRH:0
end_of_record
TN:
SF:src/services/aggregatorService.ts
FN:40,(anonymous_8)
FN:40,(anonymous_9)
FN:51,(anonymous_10)
FN:51,(anonymous_11)
FN:54,(anonymous_12)
FN:67,(anonymous_13)
FN:70,(anonymous_14)
FN:70,(anonymous_15)
FNF:8
FNH:3
FNDA:1,(anonymous_8)
FNDA:1,(anonymous_9)
FNDA:0,(anonymous_10)
FNDA:0,(anonymous_11)
FNDA:0,(anonymous_12)
FNDA:1,(anonymous_13)
FNDA:0,(anonymous_14)
FNDA:0,(anonymous_15)
DA:1,1
DA:2,1
DA:3,1
DA:4,1
DA:5,1
DA:39,1
DA:40,1
DA:41,1
DA:42,1
DA:43,1
DA:47,1
DA:48,1
DA:51,0
DA:52,0
DA:54,0
DA:56,0
DA:61,0
DA:68,1
DA:70,0
DA:71,0
DA:72,0
DA:95,1
LF:22
LH:14
BRF:0
BRH:0
end_of_record
TN:
SF:src/services/blockchainService.ts
FN:21,(anonymous_13)
FN:22,(anonymous_14)
FN:24,(anonymous_15)
FN:40,(anonymous_16)
FN:40,(anonymous_17)
FN:45,(anonymous_18)
FN:45,(anonymous_19)
FN:50,(anonymous_20)
FN:50,(anonymous_21)
FNF:9
FNH:5
FNDA:1,(anonymous_13)
FNDA:1,(anonymous_14)
FNDA:1,(anonymous_15)
FNDA:0,(anonymous_16)
FNDA:0,(anonymous_17)
FNDA:1,(anonymous_18)
FNDA:1,(anonymous_19)
FNDA:0,(anonymous_20)
FNDA:0,(anonymous_21)
DA:1,1
DA:3,1
DA:22,1
DA:24,1
DA:25,1
DA:36,1
DA:37,1
DA:38,1
DA:40,1
DA:41,0
DA:42,0
DA:43,0
DA:45,1
DA:46,1
DA:47,1
DA:48,1
DA:50,1
DA:51,0
DA:52,0
DA:53,0
DA:57,1
LF:21
LH:15
BRDA:29,0,0,1
BRDA:29,0,1,0
BRDA:29,1,0,1
BRDA:29,1,1,1
BRF:4
BRH:3
end_of_record
TN:
SF:src/services/dappService.ts
FN:22,(anonymous_8)
FN:22,(anonymous_9)
FN:26,(anonymous_10)
FN:27,(anonymous_11)
FN:30,(anonymous_12)
FN:30,(anonymous_13)
FNF:6
FNH:2
FNDA:0,(anonymous_8)
FNDA:0,(anonymous_9)
FNDA:0,(anonymous_10)
FNDA:0,(anonymous_11)
FNDA:1,(anonymous_12)
FNDA:1,(anonymous_13)
DA:1,1
DA:5,1
DA:6,1
DA:7,1
DA:22,1
DA:23,0
DA:24,0
DA:25,0
DA:26,0
DA:27,0
DA:30,1
DA:31,1
DA:32,1
DA:33,1
LF:14
LH:9
BRDA:35,0,0,1
BRDA:35,0,1,0
BRDA:35,1,0,1
BRDA:35,1,1,1
BRDA:36,2,0,1
BRDA:36,2,1,0
BRDA:36,3,0,1
BRDA:36,3,1,1
BRDA:37,4,0,1
BRDA:37,4,1,0
BRDA:37,5,0,1
BRDA:37,5,1,1
BRDA:38,6,0,1
BRDA:38,6,1,0
BRDA:38,7,0,1
BRDA:38,7,1,1
BRDA:39,8,0,1
BRDA:39,8,1,0
BRDA:39,9,0,1
BRDA:39,9,1,1
BRDA:40,10,0,1
BRDA:40,10,1,0
BRDA:40,11,0,1
BRDA:40,11,1,1
BRDA:41,12,0,1
BRDA:41,12,1,0
BRDA:41,13,0,1
BRDA:41,13,1,1
BRF:28
BRH:21
end_of_record
TN:
SF:src/utils/BN.ts
FN:9,(anonymous_1)
FN:22,(anonymous_2)
FN:26,(anonymous_3)
FN:30,(anonymous_4)
FN:36,(anonymous_5)
FN:42,(anonymous_6)
FN:46,(anonymous_7)
FN:52,(anonymous_8)
FN:58,(anonymous_9)
FN:62,(anonymous_10)
FN:66,(anonymous_11)
FN:72,(anonymous_12)
FN:79,(anonymous_13)
FN:88,(anonymous_14)
FN:92,(anonymous_15)
FN:96,(anonymous_16)
FN:100,(anonymous_17)
FN:104,(anonymous_18)
FN:105,(anonymous_19)
FN:108,(anonymous_20)
FN:112,(anonymous_21)
FN:116,(anonymous_22)
FN:120,(anonymous_23)
FNF:23
FNH:6
FNDA:12,(anonymous_1)
FNDA:10,(anonymous_2)
FNDA:0,(anonymous_3)
FNDA:1,(anonymous_4)
FNDA:0,(anonymous_5)
FNDA:0,(anonymous_6)
FNDA:0,(anonymous_7)
FNDA:1,(anonymous_8)
FNDA:0,(anonymous_9)
FNDA:0,(anonymous_10)
FNDA:0,(anonymous_11)
FNDA:1,(anonymous_12)
FNDA:1,(anonymous_13)
FNDA:0,(anonymous_14)
FNDA:0,(anonymous_15)
FNDA:0,(anonymous_16)
FNDA:0,(anonymous_17)
FNDA:0,(anonymous_18)
FNDA:0,(anonymous_19)
FNDA:0,(anonymous_20)
FNDA:0,(anonymous_21)
FNDA:0,(anonymous_22)
FNDA:0,(anonymous_23)
DA:2,1
DA:5,1
DA:9,1
DA:10,12
DA:11,11
DA:13,11
DA:14,11
DA:18,1
DA:23,10
DA:27,0
DA:31,1
DA:34,10
DA:37,0
DA:40,10
DA:43,0
DA:47,0
DA:50,10
DA:53,1
DA:56,10
DA:59,0
DA:63,0
DA:67,0
DA:70,10
DA:76,1
DA:83,1
DA:89,0
DA:93,0
DA:97,0
DA:101,0
DA:105,0
DA:109,0
DA:113,0
DA:117,0
DA:121,0
DA:124,1
DA:125,1
DA:131,1
LF:37
LH:21
BRDA:10,0,0,11
BRDA:10,1,0,12
BRDA:10,1,1,11
BRDA:13,2,0,11
BRDA:74,3,0,1
BRDA:81,4,0,1
BRDA:83,5,0,1
BRDA:83,5,1,0
BRDA:108,6,0,0
BRDA:112,7,0,0
BRF:10
BRH:7
end_of_record
TN:
SF:src/utils/getStateByKey.ts
FN:3,(anonymous_0)
FN:4,(anonymous_1)
FNF:2
FNH:2
FNDA:7,(anonymous_0)
FNDA:33,(anonymous_1)
DA:3,1
DA:4,33
LF:2
LH:2
BRDA:4,0,0,0
BRDA:4,0,1,7
BRDA:4,1,0,7
BRDA:4,1,1,7
BRF:4
BRH:3
end_of_record
TN:
SF:src/utils/loadVar.ts
FN:6,loadVar
FNF:1
FNH:1
FNDA:6,loadVar
DA:6,1
DA:7,6
DA:8,6
DA:9,0
DA:11,6
LF:5
LH:4
BRDA:8,0,0,0
BRDA:8,1,0,6
BRDA:8,1,1,1
BRF:3
BRH:2
end_of_record
TN:
SF:src/utils/makeNodeRequest.ts
FN:25,(anonymous_8)
FN:28,(anonymous_9)
FN:33,(anonymous_10)
FN:33,(anonymous_11)
FNF:4
FNH:4
FNDA:2,(anonymous_8)
FNDA:2,(anonymous_9)
FNDA:2,(anonymous_10)
FNDA:2,(anonymous_11)
DA:1,1
DA:3,1
DA:5,1
DA:12,1
DA:25,1
DA:28,2
DA:30,2
DA:33,2
DA:34,2
DA:35,2
DA:36,2
DA:37,2
DA:38,2
DA:39,2
DA:42,2
DA:43,2
DA:45,0
DA:46,0
DA:47,0
DA:49,0
DA:56,1
LF:21
LH:17
BRDA:30,0,0,2
BRDA:30,0,1,0
BRDA:30,1,0,2
BRDA:30,1,1,0
BRDA:30,2,0,2
BRDA:30,2,1,0
BRDA:30,3,0,2
BRDA:30,3,1,2
BRDA:39,4,0,2
BRDA:39,4,1,0
BRDA:39,5,0,2
BRDA:39,5,1,0
BRDA:39,6,0,2
BRDA:39,6,1,2
BRDA:45,7,0,0
BRDA:45,7,1,0
BRF:16
BRH:9
end_of_record
TN:
SF:src/utils/utils.ts
FN:3,(anonymous_0)
FN:4,(anonymous_1)
FN:6,(anonymous_2)
FNF:3
FNH:0
FNDA:0,(anonymous_0)
FNDA:0,(anonymous_1)
FNDA:0,(anonymous_2)
DA:3,1
DA:4,0
DA:6,1
DA:10,0
LF:4
LH:2
BRF:0
BRH:0
end_of_record
